Nome do arquivo recebido: 
Nome do arquivo recebido: 
Nome do arquivo recebido: 
Nome do arquivo recebido: 
Nome do arquivo recebido: 
Nome do arquivo recebido: 
Nome do arquivo recebido: 
Nome do arquivo recebido: teste.pdf
Nome do arquivo recebido: 
Nome do arquivo recebido: 
Nome do arquivo recebido: testo.pdf
Nome do arquivo recebido: 
Nome do arquivo recebido: 
Nome do arquivo recebido: 
Arquivo salvo: /var/www/sigem/api/../termos/67bc7932cd5e5.pdf
Arquivo salvo: /var/www/sigem/api/../termos/67bc7a894ecc3.pdf
Arquivo salvo: /var/www/sigem/api/../termos/67bc7cf6b5c9f.pdf
Arquivo salvo: /var/www/sigem/api/../termos/67bc7d00397f1.pdf
Arquivo salvo: /var/www/sigem/api/../termos/67bc7d427f8bc.pdf
Arquivo salvo: /var/www/sigem/api/../termos/67bc80196a411.pdf
Arquivo salvo: /var/www/sigem/api/../termos/67bc86c6d7eea.pdf
Arquivo salvo: /var/www/sigem/api/../termos/67bc8857aba91.pdf
Arquivo salvo: 67bc89b2c73cf.pdf
Arquivo salvo: 67bc8a0b22d98.pdf
Arquivo salvo: 67bc8e930b572.pdf
Arquivo salvo: 67bc8ea0d9d80.pdf
Arquivo salvo: 67bc8ecd71461.pdf
Arquivo salvo: 67bc8f05523da.pdf
Arquivo salvo: 67bc8fcf41b83.pdf
Arquivo salvo: 67bc9036e21c5.pdf
Arquivo salvo: 67bc90433a444.pdf
Arquivo salvo: 67bc924ba345c.pdf
Arquivo salvo: 67bc9253bb620.pdf
Arquivo salvo: 67bc926800fb3.pdf
Arquivo salvo: 67bc9301634ba.pdf
Arquivo salvo: 67bc93130fc3f.pdf
Arquivo salvo: 67bc932fd160b.pdf
Arquivo salvo: 67bc935aacdc2.pdf
Arquivo salvo: 67bc936e381bd.pdf
Arquivo salvo: 67bc93b90a006.pdf
Arquivo salvo: 67bc93e176bba.pdf
Arquivo salvo: 67bc942a46110.pdf
Arquivo salvo: 67bc94ccb1970.pdf
Arquivo salvo: 67bc955009fe3.pdf
Arquivo salvo: 67bc955a27ec2.pdf
Arquivo salvo: 67bc95b3dddf8.pdf
Arquivo salvo: 67bc95b3de185.pdf
Arquivo salvo: 67bc961fa9d83.pdf
Arquivo salvo: 67bc969196609.pdf
Arquivo salvo: 67bc96b187f75.pdf
Arquivo salvo: 67bc96ba46a05.pdf
Arquivo salvo: 67bc977d33e3b.pdf
Arquivo salvo: 67bc97c6a1305.pdf
Arquivo salvo: 67bc97e23b9f0.pdf
Arquivo salvo: 67bc98c497068.pdf
Arquivo salvo: 67bc98f67ada6.pdf
Erro ao mover arquivo: 
Erro ao mover arquivo: 
Arquivo salvo: 67bc9993a16ea.pdf
Arquivo salvo: 67bc9a6063a0e.pdf
Arquivo salvo: 67bc9b13863de.pdf
Arquivo salvo: 67bc9b813b486.pdf
Arquivo salvo: 67bc9bb972a19.pdf
Arquivo salvo: 67bc9bdab3c4f.pdf
Arquivo salvo: 67bc9bf0d6b31.pdf
Arquivo salvo: 67bc9bfd13943.pdf
Arquivo salvo: 67bc9c2a2243d.pdf
Arquivo salvo: 67bc9c5a399fa.pdf
Arquivo salvo: 67bc9c89cb899.pdf
Arquivo salvo: 67bc9c89cb8c6.pdf
Arquivo salvo: 67bc9c8f0e16c.pdf
Arquivo salvo: 67bc9ca6bcbcd.pdf
Arquivo salvo: 67bc9cab72572.pdf
Arquivo salvo: 67bc9d439b85d.pdf
Arquivo salvo: 67bc9d4c21abd.pdf
Arquivo salvo: 67bc9da62a908.pdf
Arquivo salvo: 67bca01757e29.pdf
Arquivo salvo: 67bca27c22bd1.pdf
Arquivo salvo: 67bca2ea7b8aa.pdf
Arquivo salvo: 67bca2fb595f7.pdf
Arquivo salvo: 67bca33209576.pdf
Arquivo salvo: 67bca37bbfbeb.pdf
Arquivo salvo: 67bca39b831f0.pdf
Arquivo salvo: 67bca3b1b43dc.pdf
Arquivo salvo: 67bca3db6e103.pdf
Arquivo salvo: 67bca3fe607d3.pdf
Arquivo salvo: 67bca405321e4.pdf
Arquivo salvo: 67bca426c14d8.pdf
Arquivo salvo: 67bca597b3caa.pdf
Arquivo salvo: 67bca5a76ff8d.pdf
Arquivo salvo: 67bca5ae6025e.pdf
Arquivo salvo: 67bca5bba8474.pdf
Arquivo salvo: 67bca8c1a62ad.pdf
Arquivo salvo: 67bca90c8af9f.pdf
Arquivo salvo: 67bca92312165.pdf
Arquivo salvo: 67bca94b5996a.pdf
Arquivo salvo: 67bcd4ae62120.pdf
Arquivo salvo: 67bdacae62cad.pdf
Arquivo salvo: 67bdad34451ce.pdf
Arquivo salvo: 67bdad597d636.pdf
Arquivo salvo: 67bdad7dce474.pdf
Arquivo salvo: 67bdb66a33421.pdf
Arquivo salvo: 67bdb6f39c074.pdf
Arquivo salvo: 67bdb716a695e.pdf
Arquivo salvo: 67bdb8e789e62.pdf
Arquivo salvo: 67bdb8f46bba1.pdf
Arquivo salvo: 67bdb8fb0c27b.pdf
